mode: set
github.com/HooYa-Bigdata/shopservice/service/store/sql/shops.go:18.77,28.2 2 1
github.com/HooYa-Bigdata/shopservice/service/store/sql/shops.go:30.92,34.19 3 1
github.com/HooYa-Bigdata/shopservice/service/store/sql/shops.go:34.19,36.3 1 0
github.com/HooYa-Bigdata/shopservice/service/store/sql/shops.go:36.8,38.3 1 1
github.com/HooYa-Bigdata/shopservice/service/store/sql/shops.go:40.2,48.24 2 1
github.com/HooYa-Bigdata/shopservice/service/store/sql/shops.go:51.77,53.74 2 1
github.com/HooYa-Bigdata/shopservice/service/store/sql/shops.go:53.74,55.3 1 0
github.com/HooYa-Bigdata/shopservice/service/store/sql/shops.go:56.2,59.31 4 1
github.com/HooYa-Bigdata/shopservice/service/store/sql/shops.go:62.77,64.2 1 1
github.com/HooYa-Bigdata/shopservice/service/store/sql/sql.go:15.46,17.2 1 1
github.com/HooYa-Bigdata/shopservice/service/store/sql/sql.go:24.61,25.36 1 1
github.com/HooYa-Bigdata/shopservice/service/store/sql/sql.go:25.36,27.3 1 0
github.com/HooYa-Bigdata/shopservice/service/store/sql/sql.go:28.2,28.17 1 1
github.com/HooYa-Bigdata/shopservice/service/store/sql/sql.go:28.17,31.3 2 1
github.com/HooYa-Bigdata/shopservice/service/store/sql/sql.go:33.2,33.24 1 1
github.com/HooYa-Bigdata/shopservice/service/store/sql/sql.go:36.36,39.35 2 1
github.com/HooYa-Bigdata/shopservice/service/store/sql/sql.go:39.35,41.3 1 0
github.com/HooYa-Bigdata/shopservice/service/store/sql/sql.go:42.2,42.12 1 1
